<?xml version="1.0" encoding="UTF-8"?>
<!-- Generated by org.testng.reporters.JUnitReportReporter -->
<testsuite hostname="raghuraj" name="com.Module9_testng_maven.AppTest" tests="1" failures="0" timestamp="10 Apr 2016 11:29:59 GMT" time="0.014" errors="0">
  <testcase name="Logintest" time="0.014" classname="com.Module9_testng_maven.AppTest"/>
</testsuite> <!-- com.Module9_testng_maven.AppTest -->
