<?xml version="1.0" encoding="UTF-8"?>
<!-- Generated by org.testng.reporters.JUnitReportReporter -->
<testsuite hostname="raghuraj" name="com.Module9_testng_maven.SampleTest" tests="1" failures="0" timestamp="11 Apr 2016 02:51:44 GMT" time="0.001" errors="0">
  <testcase name="sampletest" time="0.001" classname="com.Module9_testng_maven.SampleTest"/>
</testsuite> <!-- com.Module9_testng_maven.SampleTest -->
