<?xml version="1.0" encoding="UTF-8"?>
<!-- Generated by org.testng.reporters.JUnitReportReporter -->
<testsuite hostname="raghuraj" name="com.Module9_testng_maven.AppTest" tests="1" failures="0" timestamp="11 Apr 2016 02:51:44 GMT" time="0.011" errors="0">
  <testcase name="Logintest" time="0.011" classname="com.Module9_testng_maven.AppTest"/>
</testsuite> <!-- com.Module9_testng_maven.AppTest -->
